<?xml version="1.0" encoding="UTF-8"?>
<coverage generated="1745535923535" clover="3.2.0">
  <project timestamp="1745535923535" name="All files">
    <metrics statements="40" coveredstatements="40" conditionals="19" coveredconditionals="18" methods="4" coveredmethods="4" elements="63" coveredelements="62" complexity="0" loc="40" ncloc="40" packages="1" files="1" classes="1"/>
    <file name="IntentParser.ts" path="/Volumes/TB5 External Drive (990)/Cursor_Workspace/AI Chrome Extension /src/llm/IntentParser.ts">
      <metrics statements="40" coveredstatements="40" conditionals="19" coveredconditionals="18" methods="4" coveredmethods="4"/>
      <line num="3" count="1" type="stmt"/>
      <line num="12" count="1" type="stmt"/>
      <line num="13" count="1" type="stmt"/>
      <line num="20" count="10" type="stmt"/>
      <line num="21" count="10" type="stmt"/>
      <line num="22" count="10" type="cond" truecount="1" falsecount="0"/>
      <line num="23" count="1" type="stmt"/>
      <line num="25" count="9" type="stmt"/>
      <line num="26" count="9" type="cond" truecount="3" falsecount="0"/>
      <line num="27" count="1" type="stmt"/>
      <line num="29" count="8" type="stmt"/>
      <line num="44" count="1" type="cond" truecount="1" falsecount="0"/>
      <line num="47" count="10" type="stmt"/>
      <line num="48" count="10" type="stmt"/>
      <line num="51" count="2" type="stmt"/>
      <line num="54" count="8" type="stmt"/>
      <line num="55" count="8" type="stmt"/>
      <line num="57" count="8" type="stmt"/>
      <line num="58" count="8" type="stmt"/>
      <line num="61" count="7" type="stmt"/>
      <line num="62" count="7" type="stmt"/>
      <line num="64" count="1" type="stmt"/>
      <line num="65" count="1" type="stmt"/>
      <line num="69" count="6" type="cond" truecount="1" falsecount="0"/>
      <line num="70" count="1" type="stmt"/>
      <line num="73" count="5" type="stmt"/>
      <line num="74" count="5" type="stmt"/>
      <line num="75" count="5" type="cond" truecount="4" falsecount="0"/>
      <line num="76" count="1" type="stmt"/>
      <line num="78" count="4" type="cond" truecount="3" falsecount="0"/>
      <line num="79" count="1" type="stmt"/>
      <line num="81" count="3" type="cond" truecount="3" falsecount="0"/>
      <line num="82" count="1" type="stmt"/>
      <line num="84" count="2" type="stmt"/>
      <line num="87" count="2" type="stmt"/>
      <line num="91" count="6" type="stmt"/>
      <line num="92" count="6" type="cond" truecount="1" falsecount="1"/>
      <line num="94" count="6" type="cond" truecount="1" falsecount="0"/>
      <line num="95" count="1" type="stmt"/>
      <line num="97" count="5" type="stmt"/>
    </file>
  </project>
</coverage>
