{"/Volumes/TB5 External Drive (990)/Cursor_Workspace/AI Chrome Extension /src/llm/IntentParser.ts": {"path":"/Volumes/TB5 External Drive (990)/Cursor_Workspace/AI Chrome Extension /src/llm/IntentParser.ts","statementMap":{"0":{"start":{"line":44,"column":0},"end":{"line":44,"column":7}},"1":{"start":{"line":3,"column":0},"end":{"line":3,"column":43}},"2":{"start":{"line":12,"column":22},"end":{"line":12,"column":304}},"3":{"start":{"line":13,"column":22},"end":{"line":13,"column":36}},"4":{"start":{"line":20,"column":2},"end":{"line":31,"column":5}},"5":{"start":{"line":21,"column":4},"end":{"line":30,"column":7}},"6":{"start":{"line":22,"column":6},"end":{"line":24,"column":7}},"7":{"start":{"line":23,"column":8},"end":{"line":23,"column":98}},"8":{"start":{"line":25,"column":21},"end":{"line":25,"column":40}},"9":{"start":{"line":26,"column":6},"end":{"line":28,"column":7}},"10":{"start":{"line":27,"column":8},"end":{"line":27,"column":124}},"11":{"start":{"line":29,"column":6},"end":{"line":29,"column":22}},"12":{"start":{"line":47,"column":2},"end":{"line":52,"column":3}},"13":{"start":{"line":48,"column":6},"end":{"line":48,"column":33}},"14":{"start":{"line":51,"column":6},"end":{"line":51,"column":18}},"15":{"start":{"line":54,"column":20},"end":{"line":54,"column":41}},"16":{"start":{"line":55,"column":21},"end":{"line":55,"column":65}},"17":{"start":{"line":57,"column":2},"end":{"line":98,"column":3}},"18":{"start":{"line":58,"column":25},"end":{"line":58,"column":63}},"19":{"start":{"line":61,"column":4},"end":{"line":66,"column":5}},"20":{"start":{"line":62,"column":6},"end":{"line":62,"column":47}},"21":{"start":{"line":64,"column":6},"end":{"line":64,"column":70}},"22":{"start":{"line":65,"column":6},"end":{"line":65,"column":95}},"23":{"start":{"line":69,"column":4},"end":{"line":71,"column":5}},"24":{"start":{"line":70,"column":6},"end":{"line":70,"column":59}},"25":{"start":{"line":73,"column":39},"end":{"line":73,"column":41}},"26":{"start":{"line":74,"column":4},"end":{"line":85,"column":5}},"27":{"start":{"line":75,"column":6},"end":{"line":77,"column":7}},"28":{"start":{"line":76,"column":8},"end":{"line":76,"column":90}},"29":{"start":{"line":78,"column":6},"end":{"line":80,"column":7}},"30":{"start":{"line":79,"column":9},"end":{"line":79,"column":92}},"31":{"start":{"line":81,"column":7},"end":{"line":83,"column":7}},"32":{"start":{"line":82,"column":9},"end":{"line":82,"column":89}},"33":{"start":{"line":84,"column":6},"end":{"line":84,"column":44}},"34":{"start":{"line":87,"column":4},"end":{"line":87,"column":28}},"35":{"start":{"line":91,"column":4},"end":{"line":91,"column":50}},"36":{"start":{"line":92,"column":20},"end":{"line":92,"column":74}},"37":{"start":{"line":94,"column":4},"end":{"line":96,"column":5}},"38":{"start":{"line":95,"column":8},"end":{"line":95,"column":20}},"39":{"start":{"line":97,"column":4},"end":{"line":97,"column":57}}},"fnMap":{"0":{"name":"getApiKey","decl":{"start":{"line":19,"column":9},"end":{"line":19,"column":18}},"loc":{"start":{"line":19,"column":18},"end":{"line":32,"column":1}}},"1":{"name":"(anonymous_1)","decl":{"start":{"line":20,"column":21},"end":{"line":20,"column":22}},"loc":{"start":{"line":20,"column":41},"end":{"line":31,"column":3}}},"2":{"name":"(anonymous_2)","decl":{"start":{"line":21,"column":47},"end":{"line":21,"column":48}},"loc":{"start":{"line":21,"column":82},"end":{"line":30,"column":5}}},"3":{"name":"parseIntent","decl":{"start":{"line":44,"column":22},"end":{"line":44,"column":33}},"loc":{"start":{"line":44,"column":79},"end":{"line":99,"column":1}}}},"branchMap":{"0":{"loc":{"start":{"line":22,"column":6},"end":{"line":24,"column":7}},"type":"if","locations":[{"start":{"line":22,"column":6},"end":{"line":24,"column":7}}]},"1":{"loc":{"start":{"line":26,"column":6},"end":{"line":28,"column":7}},"type":"if","locations":[{"start":{"line":26,"column":6},"end":{"line":28,"column":7}}]},"2":{"loc":{"start":{"line":26,"column":10},"end":{"line":26,"column":47}},"type":"binary-expr","locations":[{"start":{"line":26,"column":10},"end":{"line":26,"column":17}},{"start":{"line":26,"column":21},"end":{"line":26,"column":47}}]},"3":{"loc":{"start":{"line":44,"column":50},"end":{"line":44,"column":79}},"type":"default-arg","locations":[{"start":{"line":44,"column":66},"end":{"line":44,"column":79}}]},"4":{"loc":{"start":{"line":69,"column":4},"end":{"line":71,"column":5}},"type":"if","locations":[{"start":{"line":69,"column":4},"end":{"line":71,"column":5}}]},"5":{"loc":{"start":{"line":75,"column":6},"end":{"line":77,"column":7}},"type":"if","locations":[{"start":{"line":75,"column":6},"end":{"line":77,"column":7}}]},"6":{"loc":{"start":{"line":75,"column":10},"end":{"line":75,"column":86}},"type":"binary-expr","locations":[{"start":{"line":75,"column":10},"end":{"line":75,"column":34}},{"start":{"line":75,"column":38},"end":{"line":75,"column":51}},{"start":{"line":75,"column":55},"end":{"line":75,"column":86}}]},"7":{"loc":{"start":{"line":78,"column":6},"end":{"line":80,"column":7}},"type":"if","locations":[{"start":{"line":78,"column":6},"end":{"line":80,"column":7}}]},"8":{"loc":{"start":{"line":78,"column":10},"end":{"line":78,"column":74}},"type":"binary-expr","locations":[{"start":{"line":78,"column":10},"end":{"line":78,"column":37}},{"start":{"line":78,"column":41},"end":{"line":78,"column":74}}]},"9":{"loc":{"start":{"line":81,"column":7},"end":{"line":83,"column":7}},"type":"if","locations":[{"start":{"line":81,"column":7},"end":{"line":83,"column":7}}]},"10":{"loc":{"start":{"line":81,"column":11},"end":{"line":81,"column":69}},"type":"binary-expr","locations":[{"start":{"line":81,"column":11},"end":{"line":81,"column":35}},{"start":{"line":81,"column":39},"end":{"line":81,"column":69}}]},"11":{"loc":{"start":{"line":92,"column":20},"end":{"line":92,"column":74}},"type":"cond-expr","locations":[{"start":{"line":92,"column":45},"end":{"line":92,"column":58}},{"start":{"line":92,"column":61},"end":{"line":92,"column":74}}]},"12":{"loc":{"start":{"line":94,"column":4},"end":{"line":96,"column":5}},"type":"if","locations":[{"start":{"line":94,"column":4},"end":{"line":96,"column":5}}]}},"s":{"0":1,"1":1,"2":1,"3":1,"4":10,"5":10,"6":10,"7":1,"8":9,"9":9,"10":1,"11":8,"12":10,"13":10,"14":2,"15":8,"16":8,"17":8,"18":8,"19":7,"20":7,"21":1,"22":1,"23":6,"24":1,"25":5,"26":5,"27":5,"28":1,"29":4,"30":1,"31":3,"32":1,"33":2,"34":2,"35":6,"36":6,"37":6,"38":1,"39":5},"f":{"0":10,"1":10,"2":10,"3":10},"b":{"0":[1],"1":[1],"2":[9,8],"3":[9],"4":[1],"5":[1],"6":[5,5,5],"7":[1],"8":[4,4],"9":[1],"10":[3,2],"11":[6,0],"12":[1]}}
}
