TN:
SF:src/llm/IntentParser.ts
FN:19,getApiKey
FN:20,(anonymous_1)
FN:21,(anonymous_2)
FN:44,parseIntent
FNF:4
FNH:4
FNDA:10,getApiKey
FNDA:10,(anonymous_1)
FNDA:10,(anonymous_2)
FNDA:10,parseIntent
DA:3,1
DA:12,1
DA:13,1
DA:20,10
DA:21,10
DA:22,10
DA:23,1
DA:25,9
DA:26,9
DA:27,1
DA:29,8
DA:44,1
DA:47,10
DA:48,10
DA:51,2
DA:54,8
DA:55,8
DA:57,8
DA:58,8
DA:61,7
DA:62,7
DA:64,1
DA:65,1
DA:69,6
DA:70,1
DA:73,5
DA:74,5
DA:75,5
DA:76,1
DA:78,4
DA:79,1
DA:81,3
DA:82,1
DA:84,2
DA:87,2
DA:91,6
DA:92,6
DA:94,6
DA:95,1
DA:97,5
LF:40
LH:40
BRDA:22,0,0,1
BRDA:26,1,0,1
BRDA:26,2,0,9
BRDA:26,2,1,8
BRDA:44,3,0,9
BRDA:69,4,0,1
BRDA:75,5,0,1
BRDA:75,6,0,5
BRDA:75,6,1,5
BRDA:75,6,2,5
BRDA:78,7,0,1
BRDA:78,8,0,4
BRDA:78,8,1,4
BRDA:81,9,0,1
BRDA:81,10,0,3
BRDA:81,10,1,2
BRDA:92,11,0,6
BRDA:92,11,1,0
BRDA:94,12,0,1
BRF:19
BRH:18
end_of_record
